{"D:\\unitTesting\\chunk.js": {"path":"D:\\unitTesting\\chunk.js","statementMap":{"0":{"start":{"line":1,"column":19},"end":{"line":21,"column":1}},"1":{"start":{"line":3,"column":21},"end":{"line":3,"column":23}},"2":{"start":{"line":6,"column":2},"end":{"line":18,"column":5}},"3":{"start":{"line":9,"column":17},"end":{"line":9,"column":50}},"4":{"start":{"line":13,"column":4},"end":{"line":17,"column":5}},"5":{"start":{"line":14,"column":6},"end":{"line":14,"column":29}},"6":{"start":{"line":16,"column":6},"end":{"line":16,"column":21}},"7":{"start":{"line":20,"column":2},"end":{"line":20,"column":20}},"8":{"start":{"line":23,"column":0},"end":{"line":23,"column":28}}},"fnMap":{"0":{"name":"(anonymous_0)","decl":{"start":{"line":1,"column":19},"end":{"line":1,"column":20}},"loc":{"start":{"line":1,"column":33},"end":{"line":21,"column":1}},"line":1},"1":{"name":"(anonymous_1)","decl":{"start":{"line":6,"column":14},"end":{"line":6,"column":15}},"loc":{"start":{"line":6,"column":23},"end":{"line":18,"column":3}},"line":6}},"branchMap":{"0":{"loc":{"start":{"line":13,"column":4},"end":{"line":17,"column":5}},"type":"if","locations":[{"start":{"line":13,"column":4},"end":{"line":17,"column":5}},{"start":{"line":15,"column":11},"end":{"line":17,"column":5}}],"line":13},"1":{"loc":{"start":{"line":13,"column":8},"end":{"line":13,"column":36}},"type":"binary-expr","locations":[{"start":{"line":13,"column":8},"end":{"line":13,"column":13}},{"start":{"line":13,"column":17},"end":{"line":13,"column":36}}],"line":13}},"s":{"0":1,"1":1,"2":1,"3":10,"4":10,"5":5,"6":5,"7":1,"8":1},"f":{"0":1,"1":10},"b":{"0":[5,5],"1":[10,9]},"_coverageSchema":"1a1c01bbd47fc00a2c39e90264f33305004495a9","hash":"33e2e99ab3a12e1873e253071cc38c75d6402a95"}
,"D:\\unitTesting\\function.js": {"path":"D:\\unitTesting\\function.js","statementMap":{"0":{"start":{"line":1,"column":14},"end":{"line":1,"column":30}},"1":{"start":{"line":3,"column":18},"end":{"line":19,"column":1}},"2":{"start":{"line":4,"column":23},"end":{"line":4,"column":34}},"3":{"start":{"line":5,"column":16},"end":{"line":5,"column":20}},"4":{"start":{"line":6,"column":21},"end":{"line":6,"column":22}},"5":{"start":{"line":9,"column":17},"end":{"line":9,"column":40}},"6":{"start":{"line":10,"column":4},"end":{"line":10,"column":34}},"7":{"start":{"line":11,"column":4},"end":{"line":11,"column":16}},"8":{"start":{"line":15,"column":4},"end":{"line":18,"column":36}},"9":{"start":{"line":17,"column":21},"end":{"line":17,"column":29}},"10":{"start":{"line":18,"column":22},"end":{"line":18,"column":35}},"11":{"start":{"line":21,"column":0},"end":{"line":21,"column":27}}},"fnMap":{"0":{"name":"(anonymous_0)","decl":{"start":{"line":4,"column":7},"end":{"line":4,"column":8}},"loc":{"start":{"line":4,"column":23},"end":{"line":4,"column":34}},"line":4},"1":{"name":"(anonymous_1)","decl":{"start":{"line":5,"column":10},"end":{"line":5,"column":11}},"loc":{"start":{"line":5,"column":16},"end":{"line":5,"column":20}},"line":5},"2":{"name":"(anonymous_2)","decl":{"start":{"line":6,"column":14},"end":{"line":6,"column":15}},"loc":{"start":{"line":6,"column":21},"end":{"line":6,"column":22}},"line":6},"3":{"name":"(anonymous_3)","decl":{"start":{"line":8,"column":14},"end":{"line":8,"column":15}},"loc":{"start":{"line":8,"column":20},"end":{"line":12,"column":3}},"line":8},"4":{"name":"(anonymous_4)","decl":{"start":{"line":14,"column":13},"end":{"line":14,"column":14}},"loc":{"start":{"line":15,"column":4},"end":{"line":18,"column":36}},"line":15},"5":{"name":"(anonymous_5)","decl":{"start":{"line":17,"column":12},"end":{"line":17,"column":13}},"loc":{"start":{"line":17,"column":21},"end":{"line":17,"column":29}},"line":17},"6":{"name":"(anonymous_6)","decl":{"start":{"line":18,"column":13},"end":{"line":18,"column":14}},"loc":{"start":{"line":18,"column":22},"end":{"line":18,"column":35}},"line":18}},"branchMap":{},"s":{"0":1,"1":1,"2":2,"3":1,"4":1,"5":1,"6":1,"7":1,"8":1,"9":1,"10":0,"11":1},"f":{"0":2,"1":1,"2":1,"3":1,"4":1,"5":1,"6":0},"b":{},"_coverageSchema":"1a1c01bbd47fc00a2c39e90264f33305004495a9","hash":"be2057211566dbf660d86005c908d24ec9a62839"}
,"D:\\unitTesting\\reversestring.js": {"path":"D:\\unitTesting\\reversestring.js","statementMap":{"0":{"start":{"line":1,"column":22},"end":{"line":1,"column":77}},"1":{"start":{"line":1,"column":31},"end":{"line":1,"column":77}},"2":{"start":{"line":3,"column":0},"end":{"line":3,"column":31}}},"fnMap":{"0":{"name":"(anonymous_0)","decl":{"start":{"line":1,"column":22},"end":{"line":1,"column":23}},"loc":{"start":{"line":1,"column":31},"end":{"line":1,"column":77}},"line":1}},"branchMap":{},"s":{"0":1,"1":1,"2":1},"f":{"0":1},"b":{},"_coverageSchema":"1a1c01bbd47fc00a2c39e90264f33305004495a9","hash":"7681ab65d08cf6ad4ba845e5bb81ba2a34983dc8"}
}
