TN:
SF:chunk.js
FN:1,(anonymous_0)
FN:6,(anonymous_1)
FNF:2
FNH:2
FNDA:2,(anonymous_0)
FNDA:13,(anonymous_1)
DA:1,1
DA:3,2
DA:6,2
DA:10,13
DA:14,13
DA:15,8
DA:17,5
DA:21,2
DA:24,1
LF:9
LH:9
BRDA:14,0,0,8
BRDA:14,0,1,5
BRDA:14,1,0,13
BRDA:14,1,1,11
BRF:4
BRH:4
end_of_record
TN:
SF:function.js
FN:4,(anonymous_0)
FN:5,(anonymous_1)
FN:6,(anonymous_2)
FN:8,(anonymous_3)
FN:14,(anonymous_4)
FN:17,(anonymous_5)
FN:18,(anonymous_6)
FNF:7
FNH:6
FNDA:2,(anonymous_0)
FNDA:1,(anonymous_1)
FNDA:1,(anonymous_2)
FNDA:1,(anonymous_3)
FNDA:1,(anonymous_4)
FNDA:1,(anonymous_5)
FNDA:0,(anonymous_6)
DA:1,1
DA:3,1
DA:4,2
DA:5,1
DA:6,1
DA:9,1
DA:10,1
DA:11,1
DA:15,1
DA:17,1
DA:18,0
DA:21,1
LF:12
LH:11
BRF:0
BRH:0
end_of_record
TN:
SF:reversestring.js
FN:1,(anonymous_0)
FNF:1
FNH:1
FNDA:1,(anonymous_0)
DA:1,1
DA:3,1
LF:2
LH:2
BRF:0
BRH:0
end_of_record
